<?xml version="1.0" encoding="UTF-8"?>
<testng-results ignored="0" total="1" passed="0" failed="1" skipped="0">
  <reporter-output>
  </reporter-output>
  <suite started-at="2023-11-15T12:23:50 IST" name="Default suite" finished-at="2023-11-15T12:23:56 IST" duration-ms="6353">
    <groups>
    </groups>
    <test started-at="2023-11-15T12:23:50 IST" name="Default test" finished-at="2023-11-15T12:23:56 IST" duration-ms="6353">
      <class name="com.testcases.InventoryTest">
        <test-method is-config="true" signature="setup()[pri:0, instance:com.testcases.InventoryTest@36bc55de]" started-at="2023-11-15T12:23:51 IST" name="setup" finished-at="2023-11-15T12:23:54 IST" duration-ms="3266" status="PASS">
          <reporter-output>
          </reporter-output>
        </test-method> <!-- setup -->
        <test-method signature="addProduct(java.lang.String,java.lang.String,java.lang.String,java.lang.String,java.lang.String,java.lang.String,java.lang.String,java.lang.String,java.lang.String,java.lang.String,java.lang.String,java.lang.String,java.lang.String,java.lang.String,java.lang.String,java.lang.String,java.lang.String,java.lang.String,java.lang.String,java.lang.String)[pri:0, instance:com.testcases.InventoryTest@36bc55de]" started-at="2023-11-15T12:23:54 IST" name="addProduct" data-provider="getdata" finished-at="2023-11-15T12:23:56 IST" duration-ms="1872" status="FAIL">
          <params>
            <param index="0">
              <value>
                <![CDATA[Bedroom]]>
              </value>
            </param>
            <param index="1">
              <value>
                <![CDATA[MS-01]]>
              </value>
            </param>
            <param index="2">
              <value>
                <![CDATA[SkWoods]]>
              </value>
            </param>
            <param index="3">
              <value>
                <![CDATA[teak-wood]]>
              </value>
            </param>
            <param index="4">
              <value>
                <![CDATA[illfordd]]>
              </value>
            </param>
            <param index="5">
              <value>
                <![CDATA[182.9]]>
              </value>
            </param>
            <param index="6">
              <value>
                <![CDATA[35.6]]>
              </value>
            </param>
            <param index="7">
              <value>
                <![CDATA[61]]>
              </value>
            </param>
            <param index="8">
              <value>
                <![CDATA[brown]]>
              </value>
            </param>
            <param index="9">
              <value>
                <![CDATA[To Be Sold]]>
              </value>
            </param>
            <param index="10">
              <value>
                <![CDATA[Excellent]]>
              </value>
            </param>
            <param index="11">
              <value>
                <![CDATA[Bangalore]]>
              </value>
            </param>
            <param index="12">
              <value>
                <![CDATA[10/20/23]]>
              </value>
            </param>
            <param index="13">
              <value>
                <![CDATA[10000]]>
              </value>
            </param>
            <param index="14">
              <value>
                <![CDATA[1.50]]>
              </value>
            </param>
            <param index="15">
              <value>
                <![CDATA[68132]]>
              </value>
            </param>
            <param index="16">
              <value>
                <![CDATA[SKDT]]>
              </value>
            </param>
            <param index="17">
              <value>
                <![CDATA[illfordd furniture]]>
              </value>
            </param>
            <param index="18">
              <value>
                <![CDATA[11A234GRS2]]>
              </value>
            </param>
            <param index="19">
              <value>
                <![CDATA[20]]>
              </value>
            </param>
          </params>
          <exception class="java.lang.IllegalArgumentException">
            <message>
              <![CDATA[Must provide a location for a move action.]]>
            </message>
            <full-stacktrace>
              <![CDATA[java.lang.IllegalArgumentException: Must provide a location for a move action.
at org.openqa.selenium.interactions.MoveMouseAction.<init>(MoveMouseAction.java:38)
at org.openqa.selenium.interactions.Actions.moveToElement(Actions.java:387)
at com.Utils.Utils1.moveToElement(Utils1.java:136)
at com.PageObjects.HomePage.inventory(HomePage.java:57)
at com.testcases.InventoryTest.addProduct(InventoryTest.java:44)
at java.base/jdk.internal.reflect.NativeMethodAccessorImpl.invoke0(Native Method)
at java.base/jdk.internal.reflect.NativeMethodAccessorImpl.invoke(NativeMethodAccessorImpl.java:77)
at java.base/jdk.internal.reflect.DelegatingMethodAccessorImpl.invoke(DelegatingMethodAccessorImpl.java:43)
at java.base/java.lang.reflect.Method.invoke(Method.java:568)
at org.testng.internal.invokers.MethodInvocationHelper.invokeMethod(MethodInvocationHelper.java:139)
at org.testng.internal.invokers.TestInvoker.invokeMethod(TestInvoker.java:664)
at org.testng.internal.invokers.TestInvoker.invokeTestMethod(TestInvoker.java:227)
at org.testng.internal.invokers.MethodRunner.runInSequence(MethodRunner.java:50)
at org.testng.internal.invokers.TestInvoker$MethodInvocationAgent.invoke(TestInvoker.java:957)
at org.testng.internal.invokers.TestInvoker.invokeTestMethods(TestInvoker.java:200)
at org.testng.internal.invokers.TestMethodWorker.invokeTestMethods(TestMethodWorker.java:148)
at org.testng.internal.invokers.TestMethodWorker.run(TestMethodWorker.java:128)
at java.base/java.util.ArrayList.forEach(ArrayList.java:1511)
at org.testng.TestRunner.privateRun(TestRunner.java:848)
at org.testng.TestRunner.run(TestRunner.java:621)
at org.testng.SuiteRunner.runTest(SuiteRunner.java:443)
at org.testng.SuiteRunner.runSequentially(SuiteRunner.java:437)
at org.testng.SuiteRunner.privateRun(SuiteRunner.java:397)
at org.testng.SuiteRunner.run(SuiteRunner.java:336)
at org.testng.SuiteRunnerWorker.runSuite(SuiteRunnerWorker.java:52)
at org.testng.SuiteRunnerWorker.run(SuiteRunnerWorker.java:95)
at org.testng.TestNG.runSuitesSequentially(TestNG.java:1280)
at org.testng.TestNG.runSuitesLocally(TestNG.java:1200)
at org.testng.TestNG.runSuites(TestNG.java:1114)
at org.testng.TestNG.run(TestNG.java:1082)
at org.testng.remote.AbstractRemoteTestNG.run(AbstractRemoteTestNG.java:115)
at org.testng.remote.RemoteTestNG.initAndRun(RemoteTestNG.java:251)
at org.testng.remote.RemoteTestNG.main(RemoteTestNG.java:77)
]]>
            </full-stacktrace>
          </exception> <!-- java.lang.IllegalArgumentException -->
          <reporter-output>
          </reporter-output>
        </test-method> <!-- addProduct -->
      </class> <!-- com.testcases.InventoryTest -->
    </test> <!-- Default test -->
  </suite> <!-- Default suite -->
</testng-results>
